<?xml version="1.0" encoding="UTF-8"?>
<!-- Generated by org.testng.reporters.JUnitReportReporter -->
<testsuite skipped="0" hostname="ThinkPad-PC" name="org.testleaf.leaftaps.testcases.TC001_LoginLogout" tests="1" failures="0" timestamp="08 Sep 2019 12:02:55 GMT" time="81.619" errors="0">
  <testcase name="runTC001" time="81.619" classname="org.testleaf.leaftaps.testcases.TC001_LoginLogout"/>
</testsuite> <!-- org.testleaf.leaftaps.testcases.TC001_LoginLogout -->
